Arguments: 
  /usr/bin/node /usr/bin/yarn add -D netlify-plugin-images-responsiver

PATH: 
  /home/gaspar/.config/emacs/bin/:/home/gaspar/.local/bin/:/home/gaspar/.local/bin:/usr/local/sbin:/usr/local/bin:/usr/bin:/usr/bin/site_perl:/usr/bin/vendor_perl:/usr/bin/core_perl

Yarn version: 
  1.22.19

Node version: 
  20.3.0

Platform: 
  linux x64

Trace: 
  Error: https://registry.yarnpkg.com/netlify-plugin-images-responsiver: Not found
      at params.callback [as _callback] (/usr/lib/node_modules/yarn/lib/cli.js:66145:18)
      at self.callback (/usr/lib/node_modules/yarn/lib/cli.js:140890:22)
      at Request.emit (node:events:511:28)
      at Request.<anonymous> (/usr/lib/node_modules/yarn/lib/cli.js:141862:10)
      at Request.emit (node:events:511:28)
      at IncomingMessage.<anonymous> (/usr/lib/node_modules/yarn/lib/cli.js:141784:12)
      at Object.onceWrapper (node:events:625:28)
      at IncomingMessage.emit (node:events:523:35)
      at endReadableNT (node:internal/streams/readable:1367:12)
      at process.processTicksAndRejections (node:internal/process/task_queues:82:21)

npm manifest: 
  {
    "name": "pessoal2018",
    "version": "1.0.0",
    "description": "",
    "main": "index.js",
    "scripts": {
      "test": "echo \"Error: no test specified\" && exit 1"
    },
    "repository": {
      "type": "git",
      "url": "git+https://github.com/ArchGalileu/pessoal2018.git"
    },
    "keywords": [],
    "author": "",
    "license": "ISC",
    "bugs": {
      "url": "https://github.com/ArchGalileu/pessoal2018/issues"
    },
    "homepage": "https://github.com/ArchGalileu/pessoal2018#readme",
    "dependencies": {
      "axios": "^0.27.2"
    }
  }

yarn manifest: 
  No manifest

Lockfile: 
  No lockfile
